<?xml version="1.0" encoding="UTF-8"?>
<testsuite name="de.sovity.edc.runtime.simple_di.evaluation.EvaluationPathTest" tests="3" skipped="0" failures="0" errors="0" timestamp="2025-03-19T08:35:15" hostname="DESKTOP-P8E06B6" time="0.003">
  <properties/>
  <testcase name="testEmpty()" classname="de.sovity.edc.runtime.simple_di.evaluation.EvaluationPathTest" time="0.001"/>
  <testcase name="testJoined()" classname="de.sovity.edc.runtime.simple_di.evaluation.EvaluationPathTest" time="0.0"/>
  <testcase name="testSingle()" classname="de.sovity.edc.runtime.simple_di.evaluation.EvaluationPathTest" time="0.001"/>
  <system-out><![CDATA[]]></system-out>
  <system-err><![CDATA[]]></system-err>
</testsuite>
