<?xml version="1.0" encoding="UTF-8"?>
<testsuite name="de.sovity.edc.runtime.modules.evaluation.EdcModuleSystemEvaluatorTest" tests="10" skipped="0" failures="0" errors="0" timestamp="2025-03-19T08:33:47" hostname="DESKTOP-P8E06B6" time="6.543">
  <properties/>
  <testcase name="test oneOf no child enabled()" classname="de.sovity.edc.runtime.modules.evaluation.EdcModuleSystemEvaluatorTest" time="6.225"/>
  <testcase name="test oneOf child a enabled()" classname="de.sovity.edc.runtime.modules.evaluation.EdcModuleSystemEvaluatorTest" time="0.033"/>
  <testcase name="test module activation property with recursive re-use()" classname="de.sovity.edc.runtime.modules.evaluation.EdcModuleSystemEvaluatorTest" time="0.009"/>
  <testcase name="test multi-step evaluation ok()" classname="de.sovity.edc.runtime.modules.evaluation.EdcModuleSystemEvaluatorTest" time="0.003"/>
  <testcase name="test module activation property re-defined in child module()" classname="de.sovity.edc.runtime.modules.evaluation.EdcModuleSystemEvaluatorTest" time="0.015"/>
  <testcase name="test child()" classname="de.sovity.edc.runtime.modules.evaluation.EdcModuleSystemEvaluatorTest" time="0.002"/>
  <testcase name="test empty()" classname="de.sovity.edc.runtime.modules.evaluation.EdcModuleSystemEvaluatorTest" time="0.002"/>
  <testcase name="test multi-step evaluation circular dependency()" classname="de.sovity.edc.runtime.modules.evaluation.EdcModuleSystemEvaluatorTest" time="0.202"/>
  <testcase name="test module activation property causing early evaluation()" classname="de.sovity.edc.runtime.modules.evaluation.EdcModuleSystemEvaluatorTest" time="0.004"/>
  <testcase name="test oneOf unsupported option chosen()" classname="de.sovity.edc.runtime.modules.evaluation.EdcModuleSystemEvaluatorTest" time="0.003"/>
  <system-out><![CDATA[?[0;31mSEVERE 2025-03-19T17:33:53.752193818 Exception during property evaluation of 'c'?[0m
?[0;31mjava.lang.IllegalArgumentException: Circular dependency detected: a -> b -> c -> a
	at de.sovity.edc.runtime.modules.evaluation.utils.RecursiveConfigEvaluator.ensureDefinedAndEvaluated(RecursiveConfigEvaluator.kt:58)
	at de.sovity.edc.runtime.modules.evaluation.utils.RecursiveConfigEvaluator.ensureDefinedAndEvaluated$lambda$2(RecursiveConfigEvaluator.kt:66)
	at de.sovity.edc.runtime.modules.evaluation.utils.MutableInterceptableConfig.getString(MutableInterceptableConfig.kt:67)
	at de.sovity.edc.runtime.modules.model.ConfigPropRef.getStringOrNull(ConfigPropRef.kt:30)
	at de.sovity.edc.runtime.modules.model.ConfigProp.defaultFromProp$lambda$6(ConfigProp.kt:109)
	at de.sovity.edc.runtime.modules.evaluation.utils.ConfigPropEvaluator.applyDefaults(ConfigPropEvaluator.kt:60)
	at de.sovity.edc.runtime.modules.evaluation.utils.ConfigPropEvaluator.evaluateConfigPropDef(ConfigPropEvaluator.kt:51)
	at de.sovity.edc.runtime.modules.evaluation.utils.ConfigPropEvaluator.evaluateConfigProp(ConfigPropEvaluator.kt:30)
	at de.sovity.edc.runtime.modules.evaluation.utils.ConfigPropSafeEvaluator.evaluateConfigPropSafe(ConfigPropSafeEvaluator.kt:36)
	at de.sovity.edc.runtime.modules.evaluation.utils.RecursiveConfigEvaluator.ensureDefinedAndEvaluated(RecursiveConfigEvaluator.kt:71)
	at de.sovity.edc.runtime.modules.evaluation.utils.RecursiveConfigEvaluator.ensureDefinedAndEvaluated$lambda$2(RecursiveConfigEvaluator.kt:66)
	at de.sovity.edc.runtime.modules.evaluation.utils.MutableInterceptableConfig.getString(MutableInterceptableConfig.kt:67)
	at de.sovity.edc.runtime.modules.model.ConfigPropRef.getStringOrNull(ConfigPropRef.kt:30)
	at de.sovity.edc.runtime.modules.model.ConfigProp.defaultFromProp$lambda$6(ConfigProp.kt:109)
	at de.sovity.edc.runtime.modules.evaluation.utils.ConfigPropEvaluator.applyDefaults(ConfigPropEvaluator.kt:60)
	at de.sovity.edc.runtime.modules.evaluation.utils.ConfigPropEvaluator.evaluateConfigPropDef(ConfigPropEvaluator.kt:51)
	at de.sovity.edc.runtime.modules.evaluation.utils.ConfigPropEvaluator.evaluateConfigProp(ConfigPropEvaluator.kt:30)
	at de.sovity.edc.runtime.modules.evaluation.utils.ConfigPropSafeEvaluator.evaluateConfigPropSafe(ConfigPropSafeEvaluator.kt:36)
	at de.sovity.edc.runtime.modules.evaluation.utils.RecursiveConfigEvaluator.ensureDefinedAndEvaluated(RecursiveConfigEvaluator.kt:71)
	at de.sovity.edc.runtime.modules.evaluation.utils.RecursiveConfigEvaluator.ensureDefinedAndEvaluated$lambda$2(RecursiveConfigEvaluator.kt:66)
	at de.sovity.edc.runtime.modules.evaluation.utils.MutableInterceptableConfig.getString(MutableInterceptableConfig.kt:67)
	at de.sovity.edc.runtime.modules.model.ConfigPropRef.getStringOrNull(ConfigPropRef.kt:30)
	at de.sovity.edc.runtime.modules.model.ConfigProp.defaultFromProp$lambda$6(ConfigProp.kt:109)
	at de.sovity.edc.runtime.modules.evaluation.utils.ConfigPropEvaluator.applyDefaults(ConfigPropEvaluator.kt:60)
	at de.sovity.edc.runtime.modules.evaluation.utils.ConfigPropEvaluator.evaluateConfigPropDef(ConfigPropEvaluator.kt:51)
	at de.sovity.edc.runtime.modules.evaluation.utils.ConfigPropEvaluator.evaluateConfigProp(ConfigPropEvaluator.kt:30)
	at de.sovity.edc.runtime.modules.evaluation.utils.ConfigPropSafeEvaluator.evaluateConfigPropSafe(ConfigPropSafeEvaluator.kt:36)
	at de.sovity.edc.runtime.modules.evaluation.utils.RecursiveConfigEvaluator.ensureDefinedAndEvaluated(RecursiveConfigEvaluator.kt:71)
	at de.sovity.edc.runtime.modules.evaluation.utils.RecursiveConfigEvaluator.drainAndEvaluateAllProperties(RecursiveConfigEvaluator.kt:92)
	at de.sovity.edc.runtime.modules.evaluation.EdcModuleSystemEvaluator.evaluate(EdcModuleSystemEvaluator.kt:43)
	at de.sovity.edc.runtime.modules.evaluation.EdcModuleSystemEvaluator$Companion.evaluate(EdcModuleSystemEvaluator.kt:24)
	at de.sovity.edc.runtime.modules.evaluation.EdcModuleSystemEvaluatorTest.evaluate(EdcModuleSystemEvaluatorTest.kt:296)
	at de.sovity.edc.runtime.modules.evaluation.EdcModuleSystemEvaluatorTest.test_multi_step_evaluation_circular_dependency$lambda$47(EdcModuleSystemEvaluatorTest.kt:286)
	at org.assertj.core.api.ThrowableAssert.catchThrowable(ThrowableAssert.java:63)
	at org.assertj.core.api.AssertionsForClassTypes.catchThrowable(AssertionsForClassTypes.java:892)
	at org.assertj.core.api.Assertions.catchThrowable(Assertions.java:1365)
	at org.assertj.core.api.Assertions.assertThatThrownBy(Assertions.java:1209)
	at de.sovity.edc.runtime.modules.evaluation.EdcModuleSystemEvaluatorTest.test multi-step evaluation circular dependency(EdcModuleSystemEvaluatorTest.kt:286)
	at java.base/jdk.internal.reflect.NativeMethodAccessorImpl.invoke0(Native Method)
	at java.base/jdk.internal.reflect.NativeMethodAccessorImpl.invoke(NativeMethodAccessorImpl.java:77)
	at java.base/jdk.internal.reflect.DelegatingMethodAccessorImpl.invoke(DelegatingMethodAccessorImpl.java:43)
	at java.base/java.lang.reflect.Method.invoke(Method.java:569)
	at org.junit.platform.commons.util.ReflectionUtils.invokeMethod(ReflectionUtils.java:728)
	at org.junit.jupiter.engine.execution.MethodInvocation.proceed(MethodInvocation.java:60)
	at org.junit.jupiter.engine.execution.InvocationInterceptorChain$ValidatingInvocation.proceed(InvocationInterceptorChain.java:131)
	at org.junit.jupiter.engine.extension.TimeoutExtension.intercept(TimeoutExtension.java:156)
	at org.junit.jupiter.engine.extension.TimeoutExtension.interceptTestableMethod(TimeoutExtension.java:147)
	at org.junit.jupiter.engine.extension.TimeoutExtension.interceptTestMethod(TimeoutExtension.java:86)
	at org.junit.jupiter.engine.execution.InterceptingExecutableInvoker$ReflectiveInterceptorCall.lambda$ofVoidMethod$0(InterceptingExecutableInvoker.java:103)
	at org.junit.jupiter.engine.execution.InterceptingExecutableInvoker.lambda$invoke$0(InterceptingExecutableInvoker.java:93)
	at org.junit.jupiter.engine.execution.InvocationInterceptorChain$InterceptedInvocation.proceed(InvocationInterceptorChain.java:106)
	at org.junit.jupiter.engine.execution.InvocationInterceptorChain.proceed(InvocationInterceptorChain.java:64)
	at org.junit.jupiter.engine.execution.InvocationInterceptorChain.chainAndInvoke(InvocationInterceptorChain.java:45)
	at org.junit.jupiter.engine.execution.InvocationInterceptorChain.invoke(InvocationInterceptorChain.java:37)
	at org.junit.jupiter.engine.execution.InterceptingExecutableInvoker.invoke(InterceptingExecutableInvoker.java:92)
	at org.junit.jupiter.engine.execution.InterceptingExecutableInvoker.invoke(InterceptingExecutableInvoker.java:86)
	at org.junit.jupiter.engine.descriptor.TestMethodTestDescriptor.lambda$invokeTestMethod$7(TestMethodTestDescriptor.java:218)
	at org.junit.platform.engine.support.hierarchical.ThrowableCollector.execute(ThrowableCollector.java:73)
	at org.junit.jupiter.engine.descriptor.TestMethodTestDescriptor.invokeTestMethod(TestMethodTestDescriptor.java:214)
	at org.junit.jupiter.engine.descriptor.TestMethodTestDescriptor.execute(TestMethodTestDescriptor.java:139)
	at org.junit.jupiter.engine.descriptor.TestMethodTestDescriptor.execute(TestMethodTestDescriptor.java:69)
	at org.junit.platform.engine.support.hierarchical.NodeTestTask.lambda$executeRecursively$6(NodeTestTask.java:151)
	at org.junit.platform.engine.support.hierarchical.ThrowableCollector.execute(ThrowableCollector.java:73)
	at org.junit.platform.engine.support.hierarchical.NodeTestTask.lambda$executeRecursively$8(NodeTestTask.java:141)
	at org.junit.platform.engine.support.hierarchical.Node.around(Node.java:137)
	at org.junit.platform.engine.support.hierarchical.NodeTestTask.lambda$executeRecursively$9(NodeTestTask.java:139)
	at org.junit.platform.engine.support.hierarchical.ThrowableCollector.execute(ThrowableCollector.java:73)
	at org.junit.platform.engine.support.hierarchical.NodeTestTask.executeRecursively(NodeTestTask.java:138)
	at org.junit.platform.engine.support.hierarchical.NodeTestTask.execute(NodeTestTask.java:95)
	at java.base/java.util.ArrayList.forEach(ArrayList.java:1511)
	at org.junit.platform.engine.support.hierarchical.SameThreadHierarchicalTestExecutorService.invokeAll(SameThreadHierarchicalTestExecutorService.java:41)
	at org.junit.platform.engine.support.hierarchical.NodeTestTask.lambda$executeRecursively$6(NodeTestTask.java:155)
	at org.junit.platform.engine.support.hierarchical.ThrowableCollector.execute(ThrowableCollector.java:73)
	at org.junit.platform.engine.support.hierarchical.NodeTestTask.lambda$executeRecursively$8(NodeTestTask.java:141)
	at org.junit.platform.engine.support.hierarchical.Node.around(Node.java:137)
	at org.junit.platform.engine.support.hierarchical.NodeTestTask.lambda$executeRecursively$9(NodeTestTask.java:139)
	at org.junit.platform.engine.support.hierarchical.ThrowableCollector.execute(ThrowableCollector.java:73)
	at org.junit.platform.engine.support.hierarchical.NodeTestTask.executeRecursively(NodeTestTask.java:138)
	at org.junit.platform.engine.support.hierarchical.NodeTestTask.execute(NodeTestTask.java:95)
	at java.base/java.util.ArrayList.forEach(ArrayList.java:1511)
	at org.junit.platform.engine.support.hierarchical.SameThreadHierarchicalTestExecutorService.invokeAll(SameThreadHierarchicalTestExecutorService.java:41)
	at org.junit.platform.engine.support.hierarchical.NodeTestTask.lambda$executeRecursively$6(NodeTestTask.java:155)
	at org.junit.platform.engine.support.hierarchical.ThrowableCollector.execute(ThrowableCollector.java:73)
	at org.junit.platform.engine.support.hierarchical.NodeTestTask.lambda$executeRecursively$8(NodeTestTask.java:141)
	at org.junit.platform.engine.support.hierarchical.Node.around(Node.java:137)
	at org.junit.platform.engine.support.hierarchical.NodeTestTask.lambda$executeRecursively$9(NodeTestTask.java:139)
	at org.junit.platform.engine.support.hierarchical.ThrowableCollector.execute(ThrowableCollector.java:73)
	at org.junit.platform.engine.support.hierarchical.NodeTestTask.executeRecursively(NodeTestTask.java:138)
	at org.junit.platform.engine.support.hierarchical.NodeTestTask.execute(NodeTestTask.java:95)
	at org.junit.platform.engine.support.hierarchical.SameThreadHierarchicalTestExecutorService.submit(SameThreadHierarchicalTestExecutorService.java:35)
	at org.junit.platform.engine.support.hierarchical.HierarchicalTestExecutor.execute(HierarchicalTestExecutor.java:57)
	at org.junit.platform.engine.support.hierarchical.HierarchicalTestEngine.execute(HierarchicalTestEngine.java:54)
	at org.junit.platform.launcher.core.EngineExecutionOrchestrator.execute(EngineExecutionOrchestrator.java:107)
	at org.junit.platform.launcher.core.EngineExecutionOrchestrator.execute(EngineExecutionOrchestrator.java:88)
	at org.junit.platform.launcher.core.EngineExecutionOrchestrator.lambda$execute$0(EngineExecutionOrchestrator.java:54)
	at org.junit.platform.launcher.core.EngineExecutionOrchestrator.withInterceptedStreams(EngineExecutionOrchestrator.java:67)
	at org.junit.platform.launcher.core.EngineExecutionOrchestrator.execute(EngineExecutionOrchestrator.java:52)
	at org.junit.platform.launcher.core.DefaultLauncher.execute(DefaultLauncher.java:114)
	at org.junit.platform.launcher.core.DefaultLauncher.execute(DefaultLauncher.java:86)
	at org.junit.platform.launcher.core.DefaultLauncherSession$DelegatingLauncher.execute(DefaultLauncherSession.java:86)
	at org.gradle.api.internal.tasks.testing.junitplatform.JUnitPlatformTestClassProcessor$CollectAllTestClassesExecutor.processAllTestClasses(JUnitPlatformTestClassProcessor.java:124)
	at org.gradle.api.internal.tasks.testing.junitplatform.JUnitPlatformTestClassProcessor$CollectAllTestClassesExecutor.access$000(JUnitPlatformTestClassProcessor.java:99)
	at org.gradle.api.internal.tasks.testing.junitplatform.JUnitPlatformTestClassProcessor.stop(JUnitPlatformTestClassProcessor.java:94)
	at org.gradle.api.internal.tasks.testing.SuiteTestClassProcessor.stop(SuiteTestClassProcessor.java:63)
	at java.base/jdk.internal.reflect.NativeMethodAccessorImpl.invoke0(Native Method)
	at java.base/jdk.internal.reflect.NativeMethodAccessorImpl.invoke(NativeMethodAccessorImpl.java:77)
	at java.base/jdk.internal.reflect.DelegatingMethodAccessorImpl.invoke(DelegatingMethodAccessorImpl.java:43)
	at java.base/java.lang.reflect.Method.invoke(Method.java:569)
	at org.gradle.internal.dispatch.ReflectionDispatch.dispatch(ReflectionDispatch.java:36)
	at org.gradle.internal.dispatch.ReflectionDispatch.dispatch(ReflectionDispatch.java:24)
	at org.gradle.internal.dispatch.ContextClassLoaderDispatch.dispatch(ContextClassLoaderDispatch.java:33)
	at org.gradle.internal.dispatch.ProxyDispatchAdapter$DispatchingInvocationHandler.invoke(ProxyDispatchAdapter.java:92)
	at jdk.proxy1/jdk.proxy1.$Proxy4.stop(Unknown Source)
	at org.gradle.api.internal.tasks.testing.worker.TestWorker$3.run(TestWorker.java:200)
	at org.gradle.api.internal.tasks.testing.worker.TestWorker.executeAndMaintainThreadName(TestWorker.java:132)
	at org.gradle.api.internal.tasks.testing.worker.TestWorker.execute(TestWorker.java:103)
	at org.gradle.api.internal.tasks.testing.worker.TestWorker.execute(TestWorker.java:63)
	at org.gradle.process.internal.worker.child.ActionExecutionWorker.execute(ActionExecutionWorker.java:56)
	at org.gradle.process.internal.worker.child.SystemApplicationClassLoaderWorker.call(SystemApplicationClassLoaderWorker.java:121)
	at org.gradle.process.internal.worker.child.SystemApplicationClassLoaderWorker.call(SystemApplicationClassLoaderWorker.java:71)
	at worker.org.gradle.process.internal.worker.GradleWorkerMain.run(GradleWorkerMain.java:69)
	at worker.org.gradle.process.internal.worker.GradleWorkerMain.main(GradleWorkerMain.java:74)
?[0m]]></system-out>
  <system-err><![CDATA[]]></system-err>
</testsuite>
